{"C:\\Users\\obals\\OneDrive\\Área de Trabalho\\N1BK\\src\\App.js": {"path":"C:\\Users\\obals\\OneDrive\\Área de Trabalho\\N1BK\\src\\App.js","statementMap":{"0":{"start":{"line":1,"column":16},"end":{"line":1,"column":34}},"1":{"start":{"line":2,"column":14},"end":{"line":2,"column":30}},"2":{"start":{"line":4,"column":12},"end":{"line":4,"column":21}},"3":{"start":{"line":5,"column":0},"end":{"line":5,"column":24}},"4":{"start":{"line":7,"column":21},"end":{"line":7,"column":55}},"5":{"start":{"line":8,"column":21},"end":{"line":8,"column":31}},"6":{"start":{"line":9,"column":24},"end":{"line":9,"column":65}},"7":{"start":{"line":12,"column":2},"end":{"line":102,"column":3}},"8":{"start":{"line":14,"column":27},"end":{"line":23,"column":5}},"9":{"start":{"line":25,"column":4},"end":{"line":27,"column":5}},"10":{"start":{"line":26,"column":6},"end":{"line":26,"column":54}},"11":{"start":{"line":29,"column":18},"end":{"line":29,"column":48}},"12":{"start":{"line":32,"column":29},"end":{"line":35,"column":5}},"13":{"start":{"line":37,"column":19},"end":{"line":37,"column":48}},"14":{"start":{"line":38,"column":16},"end":{"line":38,"column":20}},"15":{"start":{"line":41,"column":4},"end":{"line":59,"column":5}},"16":{"start":{"line":42,"column":27},"end":{"line":44,"column":8}},"17":{"start":{"line":46,"column":6},"end":{"line":58,"column":7}},"18":{"start":{"line":47,"column":8},"end":{"line":57,"column":10}},"19":{"start":{"line":51,"column":21},"end":{"line":51,"column":51}},"20":{"start":{"line":62,"column":21},"end":{"line":62,"column":25}},"21":{"start":{"line":93,"column":4},"end":{"line":99,"column":6}},"22":{"start":{"line":101,"column":4},"end":{"line":101,"column":76}},"23":{"start":{"line":106,"column":0},"end":{"line":114,"column":3}},"24":{"start":{"line":107,"column":2},"end":{"line":113,"column":3}},"25":{"start":{"line":108,"column":23},"end":{"line":108,"column":33}},"26":{"start":{"line":109,"column":18},"end":{"line":109,"column":43}},"27":{"start":{"line":110,"column":4},"end":{"line":110,"column":32}},"28":{"start":{"line":112,"column":4},"end":{"line":112,"column":50}},"29":{"start":{"line":117,"column":0},"end":{"line":119,"column":3}},"30":{"start":{"line":118,"column":2},"end":{"line":118,"column":67}},"31":{"start":{"line":122,"column":0},"end":{"line":130,"column":3}},"32":{"start":{"line":123,"column":2},"end":{"line":129,"column":3}},"33":{"start":{"line":124,"column":4},"end":{"line":124,"column":49}},"34":{"start":{"line":126,"column":4},"end":{"line":128,"column":73}},"35":{"start":{"line":140,"column":0},"end":{"line":140,"column":21}}},"fnMap":{"0":{"name":"buscarFilme","decl":{"start":{"line":11,"column":15},"end":{"line":11,"column":26}},"loc":{"start":{"line":11,"column":35},"end":{"line":103,"column":1}},"line":11},"1":{"name":"(anonymous_1)","decl":{"start":{"line":51,"column":14},"end":{"line":51,"column":15}},"loc":{"start":{"line":51,"column":21},"end":{"line":51,"column":51}},"line":51},"2":{"name":"(anonymous_2)","decl":{"start":{"line":106,"column":31},"end":{"line":106,"column":32}},"loc":{"start":{"line":106,"column":51},"end":{"line":114,"column":1}},"line":106},"3":{"name":"(anonymous_3)","decl":{"start":{"line":117,"column":23},"end":{"line":117,"column":24}},"loc":{"start":{"line":117,"column":37},"end":{"line":119,"column":1}},"line":117},"4":{"name":"(anonymous_4)","decl":{"start":{"line":122,"column":27},"end":{"line":122,"column":28}},"loc":{"start":{"line":122,"column":41},"end":{"line":130,"column":1}},"line":122}},"branchMap":{"0":{"loc":{"start":{"line":25,"column":4},"end":{"line":27,"column":5}},"type":"if","locations":[{"start":{"line":25,"column":4},"end":{"line":27,"column":5}},{"start":{},"end":{}}],"line":25},"1":{"loc":{"start":{"line":41,"column":4},"end":{"line":59,"column":5}},"type":"if","locations":[{"start":{"line":41,"column":4},"end":{"line":59,"column":5}},{"start":{},"end":{}}],"line":41},"2":{"loc":{"start":{"line":46,"column":6},"end":{"line":58,"column":7}},"type":"if","locations":[{"start":{"line":46,"column":6},"end":{"line":58,"column":7}},{"start":{},"end":{}}],"line":46},"3":{"loc":{"start":{"line":46,"column":10},"end":{"line":46,"column":69}},"type":"binary-expr","locations":[{"start":{"line":46,"column":10},"end":{"line":46,"column":27}},{"start":{"line":46,"column":31},"end":{"line":46,"column":69}}],"line":46},"4":{"loc":{"start":{"line":50,"column":12},"end":{"line":52,"column":29}},"type":"binary-expr","locations":[{"start":{"line":50,"column":12},"end":{"line":52,"column":20}},{"start":{"line":52,"column":24},"end":{"line":52,"column":29}}],"line":50},"5":{"loc":{"start":{"line":54,"column":12},"end":{"line":56,"column":21}},"type":"cond-expr","locations":[{"start":{"line":55,"column":16},"end":{"line":55,"column":43}},{"start":{"line":56,"column":16},"end":{"line":56,"column":21}}],"line":54},"6":{"loc":{"start":{"line":101,"column":20},"end":{"line":101,"column":74}},"type":"binary-expr","locations":[{"start":{"line":101,"column":20},"end":{"line":101,"column":33}},{"start":{"line":101,"column":37},"end":{"line":101,"column":74}}],"line":101}},"s":{"0":1,"1":1,"2":1,"3":1,"4":1,"5":1,"6":1,"7":5,"8":5,"9":4,"10":1,"11":3,"12":3,"13":3,"14":3,"15":3,"16":3,"17":2,"18":2,"19":1,"20":2,"21":2,"22":3,"23":1,"24":5,"25":5,"26":5,"27":2,"28":3,"29":1,"30":1,"31":1,"32":1,"33":1,"34":1,"35":1},"f":{"0":5,"1":1,"2":5,"3":1,"4":1},"b":{"0":[1,3],"1":[3,0],"2":[2,0],"3":[2,2],"4":[2,1],"5":[2,0],"6":[3,0]},"_coverageSchema":"1a1c01bbd47fc00a2c39e90264f33305004495a9","hash":"61bc72e0f2f72216000cadd0972069860411ed31"}
}
