TN:
SF:src\App.js
FN:11,buscarFilme
FN:51,(anonymous_1)
FN:106,(anonymous_2)
FN:117,(anonymous_3)
FN:122,(anonymous_4)
FNF:5
FNH:5
FNDA:5,buscarFilme
FNDA:1,(anonymous_1)
FNDA:5,(anonymous_2)
FNDA:1,(anonymous_3)
FNDA:1,(anonymous_4)
DA:1,1
DA:2,1
DA:4,1
DA:5,1
DA:7,1
DA:8,1
DA:9,1
DA:12,5
DA:14,5
DA:25,4
DA:26,1
DA:29,3
DA:32,3
DA:37,3
DA:38,3
DA:41,3
DA:42,3
DA:46,2
DA:47,2
DA:51,1
DA:62,2
DA:93,2
DA:101,3
DA:106,1
DA:107,5
DA:108,5
DA:109,5
DA:110,2
DA:112,3
DA:117,1
DA:118,1
DA:122,1
DA:123,1
DA:124,1
DA:126,1
DA:140,1
LF:36
LH:36
BRDA:25,0,0,1
BRDA:25,0,1,3
BRDA:41,1,0,3
BRDA:41,1,1,0
BRDA:46,2,0,2
BRDA:46,2,1,0
BRDA:46,3,0,2
BRDA:46,3,1,2
BRDA:50,4,0,2
BRDA:50,4,1,1
BRDA:54,5,0,2
BRDA:54,5,1,0
BRDA:101,6,0,3
BRDA:101,6,1,0
BRF:14
BRH:10
end_of_record
